<?xml version="1.0" encoding="UTF-8"?>
<!-- Generated by org.testng.reporters.JUnitReportReporter -->
<testsuite hostname="IN3238699W1" failures="0" tests="1" name="Assesment.DeleteTestNg" time="69.644" errors="0" timestamp="2022-05-17T16:20:08 IST" skipped="0">
  <testcase classname="Assesment.DeleteTestNg" name="DeleteOppo" time="69.644"/>
  <system-out/>
</testsuite> <!-- Assesment.DeleteTestNg -->
