<?xml version="1.0" encoding="UTF-8"?>
<!-- Generated by org.testng.reporters.JUnitReportReporter -->
<testsuite hostname="IN3238699W1" failures="0" tests="1" name="Assesment.TestNgPrac" time="57.471" errors="0" timestamp="2022-05-17T15:42:47 IST" skipped="0">
  <testcase classname="Assesment.TestNgPrac" name="CreateOppurtunity" time="57.471"/>
  <system-out/>
</testsuite> <!-- Assesment.TestNgPrac -->
