<?xml version="1.0" encoding="UTF-8"?>
<!-- Generated by org.testng.reporters.JUnitReportReporter -->
<testsuite hostname="IN3238699W1" failures="0" tests="1" name="Assesment.CreateOppurtunityNegativeSc" time="62.615" errors="0" timestamp="2022-05-17T16:23:34 IST" skipped="0">
  <testcase classname="Assesment.CreateOppurtunityNegativeSc" name="CreateOppurtunityNegativeScenario" time="62.615"/>
  <system-out/>
</testsuite> <!-- Assesment.CreateOppurtunityNegativeSc -->
