<?xml version="1.0" encoding="UTF-8"?>
<!-- Generated by org.testng.reporters.JUnitReportReporter -->
<testsuite hostname="IN3238699W1" failures="0" tests="1" name="Assesment.EditOppurtunityTestNg" time="82.260" errors="0" timestamp="2022-05-17T17:38:50 IST" skipped="0">
  <testcase classname="Assesment.EditOppurtunityTestNg" name="EditOpportunity" time="82.260"/>
  <system-out/>
</testsuite> <!-- Assesment.EditOppurtunityTestNg -->
